<?xml version="1.0" encoding="UTF-8" ?>
<testsuite failures="0" time="0.001" errors="1" skipped="0" tests="1" name="com.ford.mediadata.mgt.service.DemoTest">
  <properties>
[...]
</properties>
  <testcase time="0.001" classname="com.ford.mediadata.mgt.service.DemoTest" name="demo">
    <error message="Failed to load ApplicationContext" type="java.lang.IllegalStateException">java.lang.IllegalStateException: Failed to load ApplicationContext
	at org.springframework.test.context.cache.DefaultCacheAwareContextLoaderDelegate.loadContext(DefaultCacheAwareContextLoaderDelegate.java:124)
	at org.springframework.test.context.support.DefaultTestContext.getApplicationContext(DefaultTestContext.java:83)
	at org.springframework.test.context.support.DependencyInjectionTestExecutionListener.injectDependencies(DependencyInjectionTestExecutionListener.java:117)
	at org.springframework.test.context.support.DependencyInjectionTestExecutionListener.prepareTestInstance(DependencyInjectionTestExecutionListener.java:83)
	at org.springframework.test.context.TestContextManager.prepareTestInstance(TestContextManager.java:228)
	at org.springframework.test.context.junit4.SpringJUnit4ClassRunner.createTest(SpringJUnit4ClassRunner.java:230)
	at org.springframework.test.context.junit4.SpringJUnit4ClassRunner$1.runReflectiveCall(SpringJUnit4ClassRunner.java:289)
	at org.junit.internal.runners.model.ReflectiveCallable.run(ReflectiveCallable.java:12)
	at org.springframework.test.context.junit4.SpringJUnit4ClassRunner.methodBlock(SpringJUnit4ClassRunner.java:291)
	at org.springframework.test.context.junit4.SpringJUnit4ClassRunner.runChild(SpringJUnit4ClassRunner.java:249)
	at org.springframework.test.context.junit4.SpringJUnit4ClassRunner.runChild(SpringJUnit4ClassRunner.java:89)
	at org.junit.runners.ParentRunner$3.run(ParentRunner.java:290)
	at org.junit.runners.ParentRunner$1.schedule(ParentRunner.java:71)
	at org.junit.runners.ParentRunner.runChildren(ParentRunner.java:288)
	at org.junit.runners.ParentRunner.access$000(ParentRunner.java:58)
	at org.junit.runners.ParentRunner$2.evaluate(ParentRunner.java:268)
	at org.springframework.test.context.junit4.statements.RunBeforeTestClassCallbacks.evaluate(RunBeforeTestClassCallbacks.java:61)
	at org.springframework.test.context.junit4.statements.RunAfterTestClassCallbacks.evaluate(RunAfterTestClassCallbacks.java:70)
	at org.junit.runners.ParentRunner.run(ParentRunner.java:363)
	at org.springframework.test.context.junit4.SpringJUnit4ClassRunner.run(SpringJUnit4ClassRunner.java:193)
	at org.apache.maven.surefire.junit4.JUnit4Provider.execute(JUnit4Provider.java:252)
	at org.apache.maven.surefire.junit4.JUnit4Provider.executeTestSet(JUnit4Provider.java:141)
	at org.apache.maven.surefire.junit4.JUnit4Provider.invoke(JUnit4Provider.java:112)
	at sun.reflect.NativeMethodAccessorImpl.invoke0(Native Method)
	at sun.reflect.NativeMethodAccessorImpl.invoke(NativeMethodAccessorImpl.java:57)
	at sun.reflect.DelegatingMethodAccessorImpl.invoke(DelegatingMethodAccessorImpl.java:43)
	at java.lang.reflect.Method.invoke(Method.java:606)
	at org.apache.maven.surefire.util.ReflectionUtils.invokeMethodWithArray(ReflectionUtils.java:189)
	at org.apache.maven.surefire.booter.ProviderFactory$ProviderProxy.invoke(ProviderFactory.java:165)
	at org.apache.maven.surefire.booter.ProviderFactory.invokeProvider(ProviderFactory.java:85)
	at org.apache.maven.surefire.booter.ForkedBooter.runSuitesInProcess(ForkedBooter.java:115)
	at org.apache.maven.surefire.booter.ForkedBooter.main(ForkedBooter.java:75)
Caused by: org.springframework.beans.factory.BeanCreationException: Error creating bean with name &apos;orderTransJobTrigger&apos;: Injection of resource dependencies failed; nested exception is org.springframework.beans.factory.NoSuchBeanDefinitionException: No qualifying bean of type [org.springframework.batch.core.launch.JobLauncher] found for dependency: expected at least 1 bean which qualifies as autowire candidate for this dependency. Dependency annotations: {@javax.annotation.Resource(shareable=true, mappedName=, description=, name=, type=class java.lang.Object, lookup=, authenticationType=CONTAINER)}
	at org.springframework.context.annotation.CommonAnnotationBeanPostProcessor.postProcessPropertyValues(CommonAnnotationBeanPostProcessor.java:311)
	at org.springframework.beans.factory.support.AbstractAutowireCapableBeanFactory.populateBean(AbstractAutowireCapableBeanFactory.java:1214)
	at org.springframework.beans.factory.support.AbstractAutowireCapableBeanFactory.doCreateBean(AbstractAutowireCapableBeanFactory.java:543)
	at org.springframework.beans.factory.support.AbstractAutowireCapableBeanFactory.createBean(AbstractAutowireCapableBeanFactory.java:482)
	at org.springframework.beans.factory.support.AbstractBeanFactory$1.getObject(AbstractBeanFactory.java:306)
	at org.springframework.beans.factory.support.DefaultSingletonBeanRegistry.getSingleton(DefaultSingletonBeanRegistry.java:230)
	at org.springframework.beans.factory.support.AbstractBeanFactory.doGetBean(AbstractBeanFactory.java:302)
	at org.springframework.beans.factory.support.AbstractBeanFactory.getBean(AbstractBeanFactory.java:197)
	at org.springframework.beans.factory.support.DefaultListableBeanFactory.preInstantiateSingletons(DefaultListableBeanFactory.java:772)
	at org.springframework.context.support.AbstractApplicationContext.finishBeanFactoryInitialization(AbstractApplicationContext.java:839)
	at org.springframework.context.support.AbstractApplicationContext.refresh(AbstractApplicationContext.java:538)
	at org.springframework.test.context.support.AbstractGenericContextLoader.loadContext(AbstractGenericContextLoader.java:125)
	at org.springframework.test.context.support.AbstractGenericContextLoader.loadContext(AbstractGenericContextLoader.java:60)
	at org.springframework.test.context.support.AbstractDelegatingSmartContextLoader.delegateLoading(AbstractDelegatingSmartContextLoader.java:109)
	at org.springframework.test.context.support.AbstractDelegatingSmartContextLoader.loadContext(AbstractDelegatingSmartContextLoader.java:261)
	at org.springframework.test.context.cache.DefaultCacheAwareContextLoaderDelegate.loadContextInternal(DefaultCacheAwareContextLoaderDelegate.java:98)
	at org.springframework.test.context.cache.DefaultCacheAwareContextLoaderDelegate.loadContext(DefaultCacheAwareContextLoaderDelegate.java:116)
	... 31 more
Caused by: org.springframework.beans.factory.NoSuchBeanDefinitionException: No qualifying bean of type [org.springframework.batch.core.launch.JobLauncher] found for dependency: expected at least 1 bean which qualifies as autowire candidate for this dependency. Dependency annotations: {@javax.annotation.Resource(shareable=true, mappedName=, description=, name=, type=class java.lang.Object, lookup=, authenticationType=CONTAINER)}
	at org.springframework.beans.factory.support.DefaultListableBeanFactory.raiseNoSuchBeanDefinitionException(DefaultListableBeanFactory.java:1373)
	at org.springframework.beans.factory.support.DefaultListableBeanFactory.doResolveDependency(DefaultListableBeanFactory.java:1119)
	at org.springframework.beans.factory.support.DefaultListableBeanFactory.resolveDependency(DefaultListableBeanFactory.java:1014)
	at org.springframework.context.annotation.CommonAnnotationBeanPostProcessor.autowireResource(CommonAnnotationBeanPostProcessor.java:508)
	at org.springframework.context.annotation.CommonAnnotationBeanPostProcessor.getResource(CommonAnnotationBeanPostProcessor.java:486)
	at org.springframework.context.annotation.CommonAnnotationBeanPostProcessor$ResourceElement.getResourceToInject(CommonAnnotationBeanPostProcessor.java:615)
	at org.springframework.beans.factory.annotation.InjectionMetadata$InjectedElement.inject(InjectionMetadata.java:169)
	at org.springframework.beans.factory.annotation.InjectionMetadata.inject(InjectionMetadata.java:88)
	at org.springframework.context.annotation.CommonAnnotationBeanPostProcessor.postProcessPropertyValues(CommonAnnotationBeanPostProcessor.java:308)
	... 47 more
</error>
    <system-out> - 2018-04-26 11:08:04.736 [main] INFO  o.s.t.c.support.DefaultTestContextBootstrapper[185] -Using TestExecutionListeners: [org.springframework.test.context.web.ServletTestExecutionListener@250970c1, org.springframework.test.context.support.DirtiesContextBeforeModesTestExecutionListener@ec9a1e6, org.springframework.test.context.support.DependencyInjectionTestExecutionListener@57a40a9f, org.springframework.test.context.support.DirtiesContextTestExecutionListener@52b579ac, org.springframework.test.context.transaction.TransactionalTestExecutionListener@84735a0, org.springframework.test.context.jdbc.SqlScriptsTestExecutionListener@7b119f9e]
 - 2018-04-26 11:08:04.850 [main] INFO  o.s.beans.factory.xml.XmlBeanDefinitionReader[317] -Loading XML bean definitions from URL [file:/D:/Wunderman%20backups/Ford_SVN/ford-mediadata-mgt/Sourcecode/ford-mediadata-mgt/mgt-service/target/test-classes/applicationContext.xml]
 - 2018-04-26 11:08:05.255 [main] INFO  o.s.beans.factory.xml.XmlBeanDefinitionReader[317] -Loading XML bean definitions from URL [file:/D:/Wunderman%20backups/Ford_SVN/ford-mediadata-mgt/Sourcecode/ford-mediadata-mgt/mgt-service/target/test-classes/common/applicationContext-scan.xml]
 - 2018-04-26 11:08:05.936 [main] INFO  o.s.beans.factory.xml.XmlBeanDefinitionReader[317] -Loading XML bean definitions from URL [file:/D:/Wunderman%20backups/Ford_SVN/ford-mediadata-mgt/Sourcecode/ford-mediadata-mgt/mgt-service/target/test-classes/cache/ehcache-context.xml]
 - 2018-04-26 11:08:06.019 [main] INFO  o.s.beans.factory.xml.XmlBeanDefinitionReader[317] -Loading XML bean definitions from URL [file:/D:/Wunderman%20backups/Ford_SVN/ford-mediadata-mgt/Sourcecode/ford-mediadata-mgt/mgt-service/target/test-classes/common/applicationContext-common.xml]
 - 2018-04-26 11:08:06.048 [main] INFO  o.s.beans.factory.xml.XmlBeanDefinitionReader[317] -Loading XML bean definitions from URL [file:/D:/Wunderman%20backups/Ford_SVN/ford-mediadata-mgt/Sourcecode/ford-mediadata-mgt/mgt-service/target/test-classes/common/applicationContext-properties.xml]
 - 2018-04-26 11:08:06.090 [main] INFO  o.s.beans.factory.xml.XmlBeanDefinitionReader[317] -Loading XML bean definitions from URL [file:/D:/Wunderman%20backups/Ford_SVN/ford-mediadata-mgt/Sourcecode/ford-mediadata-mgt/mgt-service/target/test-classes/common/applicationContext-datasource.xml]
 - 2018-04-26 11:08:06.132 [main] INFO  o.s.beans.factory.xml.XmlBeanDefinitionReader[317] -Loading XML bean definitions from URL [file:/D:/Wunderman%20backups/Ford_SVN/ford-mediadata-mgt/Sourcecode/ford-mediadata-mgt/mgt-service/target/test-classes/repository/applicationContext-jpa.xml]
 - 2018-04-26 11:08:06.160 [main] INFO  o.s.beans.factory.xml.XmlBeanDefinitionReader[317] -Loading XML bean definitions from URL [file:/D:/Wunderman%20backups/Ford_SVN/ford-mediadata-mgt/Sourcecode/ford-mediadata-mgt/mgt-service/target/test-classes/repository/applicationContext-tx.xml]
 - 2018-04-26 11:08:06.227 [main] INFO  o.s.beans.factory.xml.XmlBeanDefinitionReader[317] -Loading XML bean definitions from URL [file:/D:/Wunderman%20backups/Ford_SVN/ford-mediadata-mgt/Sourcecode/ford-mediadata-mgt/mgt-service/target/test-classes/controller/dispatcher-servlet.xml]
 - 2018-04-26 11:08:06.551 [main] INFO  o.s.beans.factory.xml.XmlBeanDefinitionReader[317] -Loading XML bean definitions from URL [file:/D:/Wunderman%20backups/Ford_SVN/ford-mediadata-mgt/Sourcecode/ford-mediadata-mgt/mgt-service/target/classes/http/httpclient.xml]
 - 2018-04-26 11:08:06.561 [main] INFO  o.s.context.support.GenericApplicationContext[578] -Refreshing org.springframework.context.support.GenericApplicationContext@207da288: startup date [Thu Apr 26 11:08:06 CST 2018]; root of context hierarchy
 - 2018-04-26 11:08:07.113 [main] INFO  o.s.c.support.PropertySourcesPlaceholderConfigurer[172] -Loading properties file from URL [file:/D:/Wunderman%20backups/Ford_SVN/ford-mediadata-mgt/Sourcecode/ford-mediadata-mgt/mgt-service/target/classes/properties/baidu.properties]
 - 2018-04-26 11:08:07.114 [main] INFO  o.s.c.support.PropertySourcesPlaceholderConfigurer[172] -Loading properties file from URL [file:/D:/Wunderman%20backups/Ford_SVN/ford-mediadata-mgt/Sourcecode/ford-mediadata-mgt/mgt-service/target/test-classes/properties/application.properties]
 - 2018-04-26 11:08:07.114 [main] INFO  o.s.c.support.PropertySourcesPlaceholderConfigurer[172] -Loading properties file from URL [file:/D:/Wunderman%20backups/Ford_SVN/ford-mediadata-mgt/Sourcecode/ford-mediadata-mgt/mgt-service/target/test-classes/properties/hibernate.properties]
 - 2018-04-26 11:08:07.121 [main] INFO  o.s.c.support.PropertySourcesPlaceholderConfigurer[172] -Loading properties file from URL [file:/D:/Wunderman%20backups/Ford_SVN/ford-mediadata-mgt/Sourcecode/ford-mediadata-mgt/mgt-service/target/test-classes/properties/development/database.properties]
 - 2018-04-26 11:08:07.182 [main] INFO  o.s.c.s.PostProcessorRegistrationDelegate$BeanPostProcessorChecker[328] -Bean &apos;serviceTx&apos; of type [class org.springframework.aop.support.DefaultBeanFactoryPointcutAdvisor] is not eligible for getting processed by all BeanPostProcessors (for example: not eligible for auto-proxying)
 - 2018-04-26 11:08:07.339 [main] INFO  o.s.c.s.PostProcessorRegistrationDelegate$BeanPostProcessorChecker[328] -Bean &apos;definitionManager&apos; of type [class io.dabing.core.web.manager.DefaultApiServiceDefinitionManager] is not eligible for getting processed by all BeanPostProcessors (for example: not eligible for auto-proxying)
 - 2018-04-26 11:08:07.416 [main] INFO  o.s.c.s.PostProcessorRegistrationDelegate$BeanPostProcessorChecker[328] -Bean &apos;realm&apos; of type [class io.dabing.shiro.configure.ShiroConfigure$2] is not eligible for getting processed by all BeanPostProcessors (for example: not eligible for auto-proxying)
 - 2018-04-26 11:08:07.506 [main] INFO  o.s.c.s.PostProcessorRegistrationDelegate$BeanPostProcessorChecker[328] -Bean &apos;securityManager&apos; of type [class org.apache.shiro.web.mgt.DefaultWebSecurityManager] is not eligible for getting processed by all BeanPostProcessors (for example: not eligible for auto-proxying)
 - 2018-04-26 11:08:07.581 [main] INFO  o.s.c.s.PostProcessorRegistrationDelegate$BeanPostProcessorChecker[328] -Bean &apos;myMD5Encryptord5&apos; of type [class com.ford.mediadata.mgt.service.security.MyMD5Encryptor] is not eligible for getting processed by all BeanPostProcessors (for example: not eligible for auto-proxying)
 - 2018-04-26 11:08:07.831 [main] ERROR com.alibaba.druid.pool.DruidDataSource[845] -invalid oracle validationQuery. SELECT &apos;x&apos;, may should be : SELECT &apos;x&apos; FROM DUAL
 - 2018-04-26 11:08:08.612 [main] INFO  com.alibaba.druid.pool.DruidDataSource[660] -{dataSource-1} inited
 - 2018-04-26 11:08:08.613 [main] INFO  o.s.c.s.PostProcessorRegistrationDelegate$BeanPostProcessorChecker[328] -Bean &apos;dataSource&apos; of type [class com.alibaba.druid.pool.DruidDataSource] is not eligible for getting processed by all BeanPostProcessors (for example: not eligible for auto-proxying)
 - 2018-04-26 11:08:08.740 [main] INFO  o.s.c.s.PostProcessorRegistrationDelegate$BeanPostProcessorChecker[328] -Bean &apos;persistenceProvider&apos; of type [class org.hibernate.ejb.HibernatePersistence] is not eligible for getting processed by all BeanPostProcessors (for example: not eligible for auto-proxying)
 - 2018-04-26 11:08:08.751 [main] INFO  o.s.orm.jpa.LocalContainerEntityManagerFactoryBean[339] -Building JPA container EntityManagerFactory for persistence unit &apos;default&apos;
 - 2018-04-26 11:08:08.980 [main] INFO  org.hibernate.annotations.common.Version[37] -HCANN000001: Hibernate Commons Annotations {4.0.2.Final}
 - 2018-04-26 11:08:08.989 [main] INFO  org.hibernate.Version[41] -HHH000412: Hibernate Core {4.2.2.Final}
 - 2018-04-26 11:08:08.991 [main] INFO  org.hibernate.cfg.Environment[239] -HHH000206: hibernate.properties not found
 - 2018-04-26 11:08:08.994 [main] INFO  org.hibernate.cfg.Environment[342] -HHH000021: Bytecode provider name : javassist
 - 2018-04-26 11:08:09.021 [main] INFO  org.hibernate.ejb.Ejb3Configuration[529] -HHH000204: Processing PersistenceUnitInfo [
	name: default
	...]
 - 2018-04-26 11:08:09.148 [main] INFO  o.h.s.j.c.internal.ConnectionProviderInitiator[188] -HHH000130: Instantiating explicit connection provider: org.hibernate.ejb.connection.InjectedDataSourceConnectionProvider
 - 2018-04-26 11:08:09.392 [main] INFO  org.hibernate.dialect.Dialect[130] -HHH000400: Using dialect: org.hibernate.dialect.Oracle10gDialect
 - 2018-04-26 11:08:09.405 [main] INFO  o.hibernate.engine.jdbc.internal.LobCreatorBuilder[120] -HHH000424: Disabling contextual LOB creation as createClob() method threw error : java.lang.reflect.InvocationTargetException
 - 2018-04-26 11:08:09.446 [main] INFO  o.h.e.t.internal.TransactionFactoryInitiator[73] -HHH000268: Transaction strategy: org.hibernate.engine.transaction.internal.jdbc.JdbcTransactionFactory
 - 2018-04-26 11:08:09.454 [main] INFO  o.h.hql.internal.ast.ASTQueryTranslatorFactory[48] -HHH000397: Using ASTQueryTranslatorFactory
 - 2018-04-26 11:08:09.515 [main] INFO  org.hibernate.validator.internal.util.Version[27] -HV000001: Hibernate Validator 5.1.0.Final
 - 2018-04-26 11:08:09.781 [main] INFO  o.s.c.s.PostProcessorRegistrationDelegate$BeanPostProcessorChecker[328] -Bean &apos;entityManagerFactory&apos; of type [class org.springframework.orm.jpa.LocalContainerEntityManagerFactoryBean] is not eligible for getting processed by all BeanPostProcessors (for example: not eligible for auto-proxying)
 - 2018-04-26 11:08:09.803 [main] INFO  o.s.c.s.PostProcessorRegistrationDelegate$BeanPostProcessorChecker[328] -Bean &apos;entityManagerFactory&apos; of type [class com.sun.proxy.$Proxy25] is not eligible for getting processed by all BeanPostProcessors (for example: not eligible for auto-proxying)
 - 2018-04-26 11:08:09.829 [main] INFO  o.s.c.s.PostProcessorRegistrationDelegate$BeanPostProcessorChecker[328] -Bean &apos;userRepositoryImpl&apos; of type [class com.ford.mediadata.mgt.repository.security.impl.UserRepositoryImpl] is not eligible for getting processed by all BeanPostProcessors (for example: not eligible for auto-proxying)
 - 2018-04-26 11:08:09.871 [main] INFO  o.s.c.s.PostProcessorRegistrationDelegate$BeanPostProcessorChecker[328] -Bean &apos;userServiceImpl&apos; of type [class com.ford.mediadata.mgt.service.security.impl.UserServiceImpl] is not eligible for getting processed by all BeanPostProcessors (for example: not eligible for auto-proxying)
 - 2018-04-26 11:08:09.907 [main] INFO  o.s.c.s.PostProcessorRegistrationDelegate$BeanPostProcessorChecker[328] -Bean &apos;transactionManager&apos; of type [class org.springframework.orm.jpa.JpaTransactionManager] is not eligible for getting processed by all BeanPostProcessors (for example: not eligible for auto-proxying)
 - 2018-04-26 11:08:09.923 [main] INFO  o.s.c.s.PostProcessorRegistrationDelegate$BeanPostProcessorChecker[328] -Bean &apos;(inner bean)#27a55e3e&apos; of type [class org.springframework.transaction.interceptor.NameMatchTransactionAttributeSource] is not eligible for getting processed by all BeanPostProcessors (for example: not eligible for auto-proxying)
 - 2018-04-26 11:08:09.928 [main] INFO  o.s.c.s.PostProcessorRegistrationDelegate$BeanPostProcessorChecker[328] -Bean &apos;txAdvice&apos; of type [class org.springframework.transaction.interceptor.TransactionInterceptor] is not eligible for getting processed by all BeanPostProcessors (for example: not eligible for auto-proxying)
 - 2018-04-26 11:08:10.019 [main] INFO  o.s.c.s.PostProcessorRegistrationDelegate$BeanPostProcessorChecker[328] -Bean &apos;userRoleRepositoryImpl&apos; of type [class com.ford.mediadata.mgt.repository.security.impl.UserRoleRepositoryImpl] is not eligible for getting processed by all BeanPostProcessors (for example: not eligible for auto-proxying)
 - 2018-04-26 11:08:10.029 [main] INFO  o.s.c.s.PostProcessorRegistrationDelegate$BeanPostProcessorChecker[328] -Bean &apos;userRoleServiceImpl&apos; of type [class com.ford.mediadata.mgt.service.security.impl.UserRoleServiceImpl] is not eligible for getting processed by all BeanPostProcessors (for example: not eligible for auto-proxying)
 - 2018-04-26 11:08:10.064 [main] INFO  o.s.cache.ehcache.EhCacheManagerFactoryBean[129] -Initializing EhCache CacheManager
 - 2018-04-26 11:08:10.192 [main] INFO  o.s.c.s.PostProcessorRegistrationDelegate$BeanPostProcessorChecker[328] -Bean &apos;ehcacheManager&apos; of type [class org.springframework.cache.ehcache.EhCacheManagerFactoryBean] is not eligible for getting processed by all BeanPostProcessors (for example: not eligible for auto-proxying)
 - 2018-04-26 11:08:10.194 [main] INFO  o.s.c.s.PostProcessorRegistrationDelegate$BeanPostProcessorChecker[328] -Bean &apos;ehcacheManager&apos; of type [class net.sf.ehcache.CacheManager] is not eligible for getting processed by all BeanPostProcessors (for example: not eligible for auto-proxying)
 - 2018-04-26 11:08:10.204 [main] INFO  o.s.c.s.PostProcessorRegistrationDelegate$BeanPostProcessorChecker[328] -Bean &apos;cacheManager&apos; of type [class org.springframework.cache.ehcache.EhCacheCacheManager] is not eligible for getting processed by all BeanPostProcessors (for example: not eligible for auto-proxying)
 - 2018-04-26 11:08:10.242 [main] INFO  o.s.c.s.PostProcessorRegistrationDelegate$BeanPostProcessorChecker[328] -Bean &apos;permissionRepositoryImpl&apos; of type [class com.ford.mediadata.mgt.repository.security.impl.PermissionRepositoryImpl] is not eligible for getting processed by all BeanPostProcessors (for example: not eligible for auto-proxying)
 - 2018-04-26 11:08:10.249 [main] INFO  o.s.c.s.PostProcessorRegistrationDelegate$BeanPostProcessorChecker[328] -Bean &apos;permissionServiceImpl&apos; of type [class com.ford.mediadata.mgt.service.security.impl.PermissionServiceImpl] is not eligible for getting processed by all BeanPostProcessors (for example: not eligible for auto-proxying)
 - 2018-04-26 11:08:10.289 [main] INFO  o.s.c.s.PostProcessorRegistrationDelegate$BeanPostProcessorChecker[328] -Bean &apos;resourceRepositoryImpl&apos; of type [class com.ford.mediadata.mgt.repository.security.impl.ResourceRepositoryImpl] is not eligible for getting processed by all BeanPostProcessors (for example: not eligible for auto-proxying)
 - 2018-04-26 11:08:10.304 [main] INFO  o.s.c.s.PostProcessorRegistrationDelegate$BeanPostProcessorChecker[328] -Bean &apos;resourceServiceImpl&apos; of type [class com.ford.mediadata.mgt.service.security.impl.ResourceServiceImpl] is not eligible for getting processed by all BeanPostProcessors (for example: not eligible for auto-proxying)
 - 2018-04-26 11:08:10.365 [main] INFO  o.s.c.s.PostProcessorRegistrationDelegate$BeanPostProcessorChecker[328] -Bean &apos;shiroServiceImpl&apos; of type [class com.ford.mediadata.mgt.service.security.impl.ShiroServiceImpl] is not eligible for getting processed by all BeanPostProcessors (for example: not eligible for auto-proxying)
 - 2018-04-26 11:08:10.378 [main] INFO  o.s.c.s.PostProcessorRegistrationDelegate$BeanPostProcessorChecker[328] -Bean &apos;shiroConfigure&apos; of type [class io.dabing.shiro.configure.ShiroConfigure$$EnhancerBySpringCGLIB$$fc38c0e4] is not eligible for getting processed by all BeanPostProcessors (for example: not eligible for auto-proxying)
 - 2018-04-26 11:08:11.382 [main] WARN  o.s.context.support.GenericApplicationContext[546] -Exception encountered during context initialization - cancelling refresh attempt: org.springframework.beans.factory.BeanCreationException: Error creating bean with name &apos;orderTransJobTrigger&apos;: Injection of resource dependencies failed; nested exception is org.springframework.beans.factory.NoSuchBeanDefinitionException: No qualifying bean of type [org.springframework.batch.core.launch.JobLauncher] found for dependency: expected at least 1 bean which qualifies as autowire candidate for this dependency. Dependency annotations: {@javax.annotation.Resource(shareable=true, mappedName=, description=, name=, type=class java.lang.Object, lookup=, authenticationType=CONTAINER)}
 - 2018-04-26 11:08:11.405 [main] INFO  o.s.cache.ehcache.EhCacheManagerFactoryBean[181] -Shutting down EhCache CacheManager
 - 2018-04-26 11:08:11.411 [main] INFO  o.s.orm.jpa.LocalContainerEntityManagerFactoryBean[462] -Closing JPA EntityManagerFactory for persistence unit &apos;default&apos;
 - 2018-04-26 11:08:11.477 [main] INFO  com.alibaba.druid.pool.DruidDataSource[1375] -{dataSource-1} closed
 - 2018-04-26 11:08:11.488 [main] ERROR o.springframework.test.context.TestContextManager[231] -Caught exception while allowing TestExecutionListener [org.springframework.test.context.support.DependencyInjectionTestExecutionListener@57a40a9f] to prepare test instance [com.ford.mediadata.mgt.service.DemoTest@1367294f]
java.lang.IllegalStateException: Failed to load ApplicationContext
	at org.springframework.test.context.cache.DefaultCacheAwareContextLoaderDelegate.loadContext(DefaultCacheAwareContextLoaderDelegate.java:124) ~[spring-test-4.2.4.RELEASE.jar:4.2.4.RELEASE]
	at org.springframework.test.context.support.DefaultTestContext.getApplicationContext(DefaultTestContext.java:83) ~[spring-test-4.2.4.RELEASE.jar:4.2.4.RELEASE]
	at org.springframework.test.context.support.DependencyInjectionTestExecutionListener.injectDependencies(DependencyInjectionTestExecutionListener.java:117) ~[spring-test-4.2.4.RELEASE.jar:4.2.4.RELEASE]
	at org.springframework.test.context.support.DependencyInjectionTestExecutionListener.prepareTestInstance(DependencyInjectionTestExecutionListener.java:83) ~[spring-test-4.2.4.RELEASE.jar:4.2.4.RELEASE]
	at org.springframework.test.context.TestContextManager.prepareTestInstance(TestContextManager.java:228) ~[spring-test-4.2.4.RELEASE.jar:4.2.4.RELEASE]
	at org.springframework.test.context.junit4.SpringJUnit4ClassRunner.createTest(SpringJUnit4ClassRunner.java:230) [spring-test-4.2.4.RELEASE.jar:4.2.4.RELEASE]
	at org.springframework.test.context.junit4.SpringJUnit4ClassRunner$1.runReflectiveCall(SpringJUnit4ClassRunner.java:289) [spring-test-4.2.4.RELEASE.jar:4.2.4.RELEASE]
	at org.junit.internal.runners.model.ReflectiveCallable.run(ReflectiveCallable.java:12) [junit-4.12.jar:4.12]
	at org.springframework.test.context.junit4.SpringJUnit4ClassRunner.methodBlock(SpringJUnit4ClassRunner.java:291) [spring-test-4.2.4.RELEASE.jar:4.2.4.RELEASE]
	at org.springframework.test.context.junit4.SpringJUnit4ClassRunner.runChild(SpringJUnit4ClassRunner.java:249) [spring-test-4.2.4.RELEASE.jar:4.2.4.RELEASE]
	at org.springframework.test.context.junit4.SpringJUnit4ClassRunner.runChild(SpringJUnit4ClassRunner.java:89) [spring-test-4.2.4.RELEASE.jar:4.2.4.RELEASE]
	at org.junit.runners.ParentRunner$3.run(ParentRunner.java:290) [junit-4.12.jar:4.12]
	at org.junit.runners.ParentRunner$1.schedule(ParentRunner.java:71) [junit-4.12.jar:4.12]
	at org.junit.runners.ParentRunner.runChildren(ParentRunner.java:288) [junit-4.12.jar:4.12]
	at org.junit.runners.ParentRunner.access$000(ParentRunner.java:58) [junit-4.12.jar:4.12]
	at org.junit.runners.ParentRunner$2.evaluate(ParentRunner.java:268) [junit-4.12.jar:4.12]
	at org.springframework.test.context.junit4.statements.RunBeforeTestClassCallbacks.evaluate(RunBeforeTestClassCallbacks.java:61) [spring-test-4.2.4.RELEASE.jar:4.2.4.RELEASE]
	at org.springframework.test.context.junit4.statements.RunAfterTestClassCallbacks.evaluate(RunAfterTestClassCallbacks.java:70) [spring-test-4.2.4.RELEASE.jar:4.2.4.RELEASE]
	at org.junit.runners.ParentRunner.run(ParentRunner.java:363) [junit-4.12.jar:4.12]
	at org.springframework.test.context.junit4.SpringJUnit4ClassRunner.run(SpringJUnit4ClassRunner.java:193) [spring-test-4.2.4.RELEASE.jar:4.2.4.RELEASE]
	at org.apache.maven.surefire.junit4.JUnit4Provider.execute(JUnit4Provider.java:252) [surefire-junit4-2.12.4.jar:2.12.4]
	at org.apache.maven.surefire.junit4.JUnit4Provider.executeTestSet(JUnit4Provider.java:141) [surefire-junit4-2.12.4.jar:2.12.4]
	at org.apache.maven.surefire.junit4.JUnit4Provider.invoke(JUnit4Provider.java:112) [surefire-junit4-2.12.4.jar:2.12.4]
	at sun.reflect.NativeMethodAccessorImpl.invoke0(Native Method) ~[na:1.7.0_80]
	at sun.reflect.NativeMethodAccessorImpl.invoke(NativeMethodAccessorImpl.java:57) ~[na:1.7.0_80]
	at sun.reflect.DelegatingMethodAccessorImpl.invoke(DelegatingMethodAccessorImpl.java:43) ~[na:1.7.0_80]
	at java.lang.reflect.Method.invoke(Method.java:606) ~[na:1.7.0_80]
	at org.apache.maven.surefire.util.ReflectionUtils.invokeMethodWithArray(ReflectionUtils.java:189) [surefire-api-2.12.4.jar:2.12.4]
	at org.apache.maven.surefire.booter.ProviderFactory$ProviderProxy.invoke(ProviderFactory.java:165) [surefire-booter-2.12.4.jar:2.12.4]
	at org.apache.maven.surefire.booter.ProviderFactory.invokeProvider(ProviderFactory.java:85) [surefire-booter-2.12.4.jar:2.12.4]
	at org.apache.maven.surefire.booter.ForkedBooter.runSuitesInProcess(ForkedBooter.java:115) [surefire-booter-2.12.4.jar:2.12.4]
	at org.apache.maven.surefire.booter.ForkedBooter.main(ForkedBooter.java:75) [surefire-booter-2.12.4.jar:2.12.4]
Caused by: org.springframework.beans.factory.BeanCreationException: Error creating bean with name &apos;orderTransJobTrigger&apos;: Injection of resource dependencies failed; nested exception is org.springframework.beans.factory.NoSuchBeanDefinitionException: No qualifying bean of type [org.springframework.batch.core.launch.JobLauncher] found for dependency: expected at least 1 bean which qualifies as autowire candidate for this dependency. Dependency annotations: {@javax.annotation.Resource(shareable=true, mappedName=, description=, name=, type=class java.lang.Object, lookup=, authenticationType=CONTAINER)}
	at org.springframework.context.annotation.CommonAnnotationBeanPostProcessor.postProcessPropertyValues(CommonAnnotationBeanPostProcessor.java:311) ~[spring-context-4.2.4.RELEASE.jar:4.2.4.RELEASE]
	at org.springframework.beans.factory.support.AbstractAutowireCapableBeanFactory.populateBean(AbstractAutowireCapableBeanFactory.java:1214) ~[spring-beans-4.2.4.RELEASE.jar:4.2.4.RELEASE]
	at org.springframework.beans.factory.support.AbstractAutowireCapableBeanFactory.doCreateBean(AbstractAutowireCapableBeanFactory.java:543) ~[spring-beans-4.2.4.RELEASE.jar:4.2.4.RELEASE]
	at org.springframework.beans.factory.support.AbstractAutowireCapableBeanFactory.createBean(AbstractAutowireCapableBeanFactory.java:482) ~[spring-beans-4.2.4.RELEASE.jar:4.2.4.RELEASE]
	at org.springframework.beans.factory.support.AbstractBeanFactory$1.getObject(AbstractBeanFactory.java:306) ~[spring-beans-4.2.4.RELEASE.jar:4.2.4.RELEASE]
	at org.springframework.beans.factory.support.DefaultSingletonBeanRegistry.getSingleton(DefaultSingletonBeanRegistry.java:230) ~[spring-beans-4.2.4.RELEASE.jar:4.2.4.RELEASE]
	at org.springframework.beans.factory.support.AbstractBeanFactory.doGetBean(AbstractBeanFactory.java:302) ~[spring-beans-4.2.4.RELEASE.jar:4.2.4.RELEASE]
	at org.springframework.beans.factory.support.AbstractBeanFactory.getBean(AbstractBeanFactory.java:197) ~[spring-beans-4.2.4.RELEASE.jar:4.2.4.RELEASE]
	at org.springframework.beans.factory.support.DefaultListableBeanFactory.preInstantiateSingletons(DefaultListableBeanFactory.java:772) ~[spring-beans-4.2.4.RELEASE.jar:4.2.4.RELEASE]
	at org.springframework.context.support.AbstractApplicationContext.finishBeanFactoryInitialization(AbstractApplicationContext.java:839) ~[spring-context-4.2.4.RELEASE.jar:4.2.4.RELEASE]
	at org.springframework.context.support.AbstractApplicationContext.refresh(AbstractApplicationContext.java:538) ~[spring-context-4.2.4.RELEASE.jar:4.2.4.RELEASE]
	at org.springframework.test.context.support.AbstractGenericContextLoader.loadContext(AbstractGenericContextLoader.java:125) ~[spring-test-4.2.4.RELEASE.jar:4.2.4.RELEASE]
	at org.springframework.test.context.support.AbstractGenericContextLoader.loadContext(AbstractGenericContextLoader.java:60) ~[spring-test-4.2.4.RELEASE.jar:4.2.4.RELEASE]
	at org.springframework.test.context.support.AbstractDelegatingSmartContextLoader.delegateLoading(AbstractDelegatingSmartContextLoader.java:109) ~[spring-test-4.2.4.RELEASE.jar:4.2.4.RELEASE]
	at org.springframework.test.context.support.AbstractDelegatingSmartContextLoader.loadContext(AbstractDelegatingSmartContextLoader.java:261) ~[spring-test-4.2.4.RELEASE.jar:4.2.4.RELEASE]
	at org.springframework.test.context.cache.DefaultCacheAwareContextLoaderDelegate.loadContextInternal(DefaultCacheAwareContextLoaderDelegate.java:98) ~[spring-test-4.2.4.RELEASE.jar:4.2.4.RELEASE]
	at org.springframework.test.context.cache.DefaultCacheAwareContextLoaderDelegate.loadContext(DefaultCacheAwareContextLoaderDelegate.java:116) ~[spring-test-4.2.4.RELEASE.jar:4.2.4.RELEASE]
	... 31 common frames omitted
Caused by: org.springframework.beans.factory.NoSuchBeanDefinitionException: No qualifying bean of type [org.springframework.batch.core.launch.JobLauncher] found for dependency: expected at least 1 bean which qualifies as autowire candidate for this dependency. Dependency annotations: {@javax.annotation.Resource(shareable=true, mappedName=, description=, name=, type=class java.lang.Object, lookup=, authenticationType=CONTAINER)}
	at org.springframework.beans.factory.support.DefaultListableBeanFactory.raiseNoSuchBeanDefinitionException(DefaultListableBeanFactory.java:1373) ~[spring-beans-4.2.4.RELEASE.jar:4.2.4.RELEASE]
	at org.springframework.beans.factory.support.DefaultListableBeanFactory.doResolveDependency(DefaultListableBeanFactory.java:1119) ~[spring-beans-4.2.4.RELEASE.jar:4.2.4.RELEASE]
	at org.springframework.beans.factory.support.DefaultListableBeanFactory.resolveDependency(DefaultListableBeanFactory.java:1014) ~[spring-beans-4.2.4.RELEASE.jar:4.2.4.RELEASE]
	at org.springframework.context.annotation.CommonAnnotationBeanPostProcessor.autowireResource(CommonAnnotationBeanPostProcessor.java:508) ~[spring-context-4.2.4.RELEASE.jar:4.2.4.RELEASE]
	at org.springframework.context.annotation.CommonAnnotationBeanPostProcessor.getResource(CommonAnnotationBeanPostProcessor.java:486) ~[spring-context-4.2.4.RELEASE.jar:4.2.4.RELEASE]
	at org.springframework.context.annotation.CommonAnnotationBeanPostProcessor$ResourceElement.getResourceToInject(CommonAnnotationBeanPostProcessor.java:615) ~[spring-context-4.2.4.RELEASE.jar:4.2.4.RELEASE]
	at org.springframework.beans.factory.annotation.InjectionMetadata$InjectedElement.inject(InjectionMetadata.java:169) ~[spring-beans-4.2.4.RELEASE.jar:4.2.4.RELEASE]
	at org.springframework.beans.factory.annotation.InjectionMetadata.inject(InjectionMetadata.java:88) ~[spring-beans-4.2.4.RELEASE.jar:4.2.4.RELEASE]
	at org.springframework.context.annotation.CommonAnnotationBeanPostProcessor.postProcessPropertyValues(CommonAnnotationBeanPostProcessor.java:308) ~[spring-context-4.2.4.RELEASE.jar:4.2.4.RELEASE]
	... 47 common frames omitted
</system-out>
  </testcase>
</testsuite>